MyDemos/build/outputs/logs/manifest-merger-debug-report.txt
-- Merging decision tree log ---
manifest
ADDED from AndroidManifest.xml:2:1
	xmlns:android
		ADDED from AndroidManifest.xml:2:11
	package
		ADDED from AndroidManifest.xml:3:5
	android:versionName
		ADDED from AndroidManifest.xml:5:5
	android:versionCode
		ADDED from AndroidManifest.xml:4:5
		INJECTED from AndroidManifest.xml:0:0
		INJECTED from AndroidManifest.xml:0:0
uses-permission#android.permission.RECEIVE_BOOT_COMPLETED
ADDED from AndroidManifest.xml:6:5
	android:name
		ADDED from AndroidManifest.xml:6:22
uses-permission#android.permission.VIBRATE
ADDED from AndroidManifest.xml:7:5
	android:name
		ADDED from AndroidManifest.xml:7:22
uses-permission#android.permission.MOUNT_UNMOUNT_FILESYSTEMS
ADDED from AndroidManifest.xml:9:4
	android:name
		ADDED from AndroidManifest.xml:9:21
uses-permission#android.permission.WRITE_EXTERNAL_STORAGE
ADDED from AndroidManifest.xml:11:5
	android:name
		ADDED from AndroidManifest.xml:11:22
uses-permission#android.permission.INTERNET
ADDED from AndroidManifest.xml:12:2
	android:name
		ADDED from AndroidManifest.xml:12:19
uses-sdk
ADDED from AndroidManifest.xml:13:5
MERGED from MyApplication:library:unspecified:7:5
MERGED from MyApplication:SwipeBackLayout:unspecified:7:5
MERGED from com.android.support:support-v4:23.0.0:20:5
MERGED from MyApplication:httpcomponents-client-android:unspecified:7:5
MERGED from com.android.support:support-v4:23.0.0:20:5
	android:targetSdkVersion
		ADDED from AndroidManifest.xml:15:9
	android:minSdkVersion
		ADDED from AndroidManifest.xml:14:9
application
ADDED from AndroidManifest.xml:17:5
MERGED from MyApplication:library:unspecified:9:5
MERGED from MyApplication:SwipeBackLayout:unspecified:11:5
MERGED from com.android.support:support-v4:23.0.0:22:5
MERGED from MyApplication:httpcomponents-client-android:unspecified:11:5
MERGED from com.android.support:support-v4:23.0.0:22:5
	android:label
		ADDED from AndroidManifest.xml:21:9
	android:allowBackup
		ADDED from AndroidManifest.xml:19:9
	android:icon
		ADDED from AndroidManifest.xml:20:9
	android:theme
		ADDED from AndroidManifest.xml:22:9
	android:name
		ADDED from AndroidManifest.xml:18:9
activity#com.example.mydemos.other.CommonTest
ADDED from AndroidManifest.xml:23:10
	android:name
		ADDED from AndroidManifest.xml:24:13
activity#com.example.mydemos.customui.scrollactivity.Activity1
ADDED from AndroidManifest.xml:26:9
	android:name
		ADDED from AndroidManifest.xml:27:13
activity#com.example.mydemos.customui.scrollactivity.Activity2
ADDED from AndroidManifest.xml:29:10
	android:name
		ADDED from AndroidManifest.xml:30:13
activity#com.example.mydemos.customui.scrollactivity2.ScrollBackActivity2
ADDED from AndroidManifest.xml:32:10
	android:name
		ADDED from AndroidManifest.xml:33:13
activity#com.example.mydemos.customui.scrollactivity3.ViewPagerActivity
ADDED from AndroidManifest.xml:35:11
	android:name
		ADDED from AndroidManifest.xml:36:13
activity#com.example.mydemos.ExampleLauncher
ADDED from AndroidManifest.xml:38:9
	android:label
		ADDED from AndroidManifest.xml:40:13
	android:name
		ADDED from AndroidManifest.xml:39:13
intent-filter#android.intent.action.MAIN+android.intent.category.LAUNCHER
ADDED from AndroidManifest.xml:41:13
action#android.intent.action.MAIN
ADDED from AndroidManifest.xml:42:17
	android:name
		ADDED from AndroidManifest.xml:42:25
category#android.intent.category.LAUNCHER
ADDED from AndroidManifest.xml:44:17
	android:name
		ADDED from AndroidManifest.xml:44:27
activity#com.example.mydemos.customui.residemenu.MenuActivity
ADDED from AndroidManifest.xml:47:9
	android:theme
		ADDED from AndroidManifest.xml:49:13
	android:name
		ADDED from AndroidManifest.xml:48:13
activity#com.example.mydemos.customui.pulltorefresh.PullToRefreshDemoActivity
ADDED from AndroidManifest.xml:51:9
	android:theme
		ADDED from AndroidManifest.xml:53:13
	android:name
		ADDED from AndroidManifest.xml:52:13
activity#com.example.mydemos.layout.relatvielayouttest.RelativeLayoutTestActivity
ADDED from AndroidManifest.xml:55:9
	android:theme
		ADDED from AndroidManifest.xml:57:13
	android:name
		ADDED from AndroidManifest.xml:56:13
activity#com.example.mydemos.pics.PictureEditActivity
ADDED from AndroidManifest.xml:59:9
	android:name
		ADDED from AndroidManifest.xml:60:13
activity#com.example.mydemos.system.service.ServiceTestActivity
ADDED from AndroidManifest.xml:62:9
	android:theme
		ADDED from AndroidManifest.xml:64:13
	android:name
		ADDED from AndroidManifest.xml:63:13
activity#com.example.mydemos.time.UseAlarmManagerActivity
ADDED from AndroidManifest.xml:66:9
	android:name
		ADDED from AndroidManifest.xml:66:19
activity#com.example.mydemos.system.broadcastreceiver.RegUnregReceiverActivity
ADDED from AndroidManifest.xml:68:9
	android:name
		ADDED from AndroidManifest.xml:68:19
activity#com.example.mydemos.net.netty.telnet.NettyTelnetActivity
ADDED from AndroidManifest.xml:72:9
	android:name
		ADDED from AndroidManifest.xml:73:13
activity#com.example.mydemos.net.netty.chat.NettyChatActivity
ADDED from AndroidManifest.xml:76:9
	android:name
		ADDED from AndroidManifest.xml:77:13
activity#com.example.mydemos.net.netty.push.PushStartActivity
ADDED from AndroidManifest.xml:79:9
	android:name
		ADDED from AndroidManifest.xml:80:13
activity#com.example.mydemos.net.downloadqueue.DownloadActicity
ADDED from AndroidManifest.xml:82:10
	android:name
		ADDED from AndroidManifest.xml:83:13
service#com.example.mydemos.system.service.ServiceTest
ADDED from AndroidManifest.xml:86:9
	android:name
		ADDED from AndroidManifest.xml:86:18
service#com.example.mydemos.net.netty.push.PushReceiverService
ADDED from AndroidManifest.xml:88:6
	android:name
		ADDED from AndroidManifest.xml:88:15
service#com.example.mydemos.net.downloadqueue.DownloadService
ADDED from AndroidManifest.xml:90:6
	android:name
		ADDED from AndroidManifest.xml:90:15
receiver#com.example.mydemos.system.broadcastreceiver.ServiceStartReceiver
ADDED from AndroidManifest.xml:93:9
	android:name
		ADDED from AndroidManifest.xml:93:19
intent-filter#android.intent.action.BOOT_COMPLETED+android.intent.category.HOME
ADDED from AndroidManifest.xml:94:13
action#android.intent.action.BOOT_COMPLETED
ADDED from AndroidManifest.xml:95:17
	android:name
		ADDED from AndroidManifest.xml:95:25
category#android.intent.category.HOME
ADDED from AndroidManifest.xml:97:17
	android:name
		ADDED from AndroidManifest.xml:97:27